
=SUPERVISOR REPORT==== 8-Jul-2011::19:35:12 ===
     Supervisor: {local,dig_and_delve_sup}
     Context:    child_terminated
     Reason:     killed
     Offender:   [{pid,<0.56.0>},
                  {name,etdd_dlv_sup},
                  {mfargs,{etdd_dlv_sup,start_link,[]}},
                  {restart_type,permanent},
                  {shutdown,5000},
                  {child_type,worker}]


=SUPERVISOR REPORT==== 8-Jul-2011::19:35:18 ===
     Supervisor: {local,dig_and_delve_sup}
     Context:    child_terminated
     Reason:     killed
     Offender:   [{pid,<0.54.0>},
                  {name,etdd_dig_sup},
                  {mfargs,{etdd_dig_sup,start_link,[]}},
                  {restart_type,permanent},
                  {shutdown,5000},
                  {child_type,worker}]


=SUPERVISOR REPORT==== 8-Jul-2011::19:35:24 ===
     Supervisor: {local,dig_and_delve_sup}
     Context:    child_terminated
     Reason:     killed
     Offender:   [{pid,<0.52.0>},
                  {name,etdd_yaws_sup},
                  {mfargs,{etdd_yaws_sup,start_link,[]}},
                  {restart_type,permanent},
                  {shutdown,infinity},
                  {child_type,supervisor}]


=CRASH REPORT==== 8-Jul-2011::19:35:24 ===
  crasher:
    initial call: yaws_server:init/1
    pid: <0.61.0>
    registered_name: yaws_server
    exception exit: killed
      in function  gen_server:terminate/6
    ancestors: [etdd_yaws_sup,dig_and_delve_sup,<0.50.0>]
    messages: []
    links: []
    dictionary: [{start_time,{{2011,7,8},{19,34,1}}},
                  {gc,{gconf,"/Users/jay/Git/etdd/rel/dig_and_delve/lib/yaws-yaws-1.90",
                             false,100,".",
                             ["/Users/jay/Git/etdd/rel/dig_and_delve/lib/yaws-yaws-1.90/examples/ebin"],
                             [],30000,nolimit,400,1000000,8000,nolimit,[],
                             10240,[],10000000,30,
                             ["/Users/jay/Git/etdd/rel/dig_and_delve/lib/yaws-yaws-1.90/examples/include"],
                             "/usr/bin/php-cgi",[],"Yaws 1.90",
                             "yaws_embedded",false,[],yaws_session_server}}]
    trap_exit: true
    status: running
    heap_size: 2584
    stack_size: 24
    reductions: 1083
  neighbours:

=CRASH REPORT==== 8-Jul-2011::19:35:24 ===
  crasher:
    initial call: supervisor:yaws_sup_restarts/1
    pid: <0.62.0>
    registered_name: yaws_sup_restarts
    exception exit: killed
      in function  gen_server:terminate/6
    ancestors: [etdd_yaws_sup,dig_and_delve_sup,<0.50.0>]
    messages: []
    links: []
    dictionary: []
    trap_exit: true
    status: running
    heap_size: 1597
    stack_size: 24
    reductions: 494
  neighbours:

=CRASH REPORT==== 8-Jul-2011::19:35:24 ===
  crasher:
    initial call: yaws_log:init/1
    pid: <0.58.0>
    registered_name: yaws_log
    exception exit: killed
      in function  gen_server:terminate/6
    ancestors: [etdd_yaws_sup,dig_and_delve_sup,<0.50.0>]
    messages: []
    links: [<0.74.0>,<0.75.0>]
    dictionary: []
    trap_exit: true
    status: running
    heap_size: 2584
    stack_size: 24
    reductions: 3355
  neighbours:

=CRASH REPORT==== 8-Jul-2011::19:35:24 ===
  crasher:
    initial call: etdd_yaws_server:run/0
    pid: <0.93.0>
    registered_name: []
    exception exit: {noproc,
                        {gen_server,call,
                            [yaws_log,
                             {setup,
                                 {gconf,
                                     "/Users/jay/Git/etdd/rel/dig_and_delve/lib/yaws-yaws-1.90",
                                     false,100,".",
                                     ["/Users/jay/Git/etdd/rel/dig_and_delve/lib/yaws-yaws-1.90/examples/ebin"],
                                     [],30000,nolimit,400,1000000,8000,
                                     nolimit,[],10240,[],10000000,30,
                                     ["/Users/jay/Git/etdd/rel/dig_and_delve/lib/yaws-yaws-1.90/examples/include"],
                                     "/usr/bin/php-cgi",[],"Yaws 1.90",
                                     "yaws_embedded",false,[],
                                     yaws_session_server},
                                 [[{sconf,8888,7,[],undefined,undefined,
                                       "priv/",[],
                                       {0,0,0,0},
                                       "yon",undefined,undefined,
                                       [{"priv/",[]}],
                                       10240,[],[],yaws_outmod,yaws_outmod,
                                       yaws_outmod,yaws,yaws_log,[],undefined,
                                       [yaws,php,cgi,fcgi],
                                       [],[],[],[],undefined,undefined,
                                       {cgi,"/usr/bin/php-cgi"},
                                       undefined}]]},
                             infinity]}}
      in function  gen_server:call/3
      in call from yaws_config:hard_setconf/2
      in call from etdd_yaws_server:run/0
    ancestors: [etdd_yaws_sup,dig_and_delve_sup,<0.50.0>]
    messages: []
    links: [<0.92.0>]
    dictionary: []
    trap_exit: false
    status: running
    heap_size: 2584
    stack_size: 24
    reductions: 1428
  neighbours:

=SUPERVISOR REPORT==== 8-Jul-2011::19:35:24 ===
     Supervisor: {local,etdd_yaws_sup}
     Context:    child_terminated
     Reason:     {noproc,
                     {gen_server,call,
                         [yaws_log,
                          {setup,
                              {gconf,
                                  "/Users/jay/Git/etdd/rel/dig_and_delve/lib/yaws-yaws-1.90",
                                  false,100,".",
                                  ["/Users/jay/Git/etdd/rel/dig_and_delve/lib/yaws-yaws-1.90/examples/ebin"],
                                  [],30000,nolimit,400,1000000,8000,nolimit,
                                  [],10240,[],10000000,30,
                                  ["/Users/jay/Git/etdd/rel/dig_and_delve/lib/yaws-yaws-1.90/examples/include"],
                                  "/usr/bin/php-cgi",[],"Yaws 1.90",
                                  "yaws_embedded",false,[],
                                  yaws_session_server},
                              [[{sconf,8888,7,[],undefined,undefined,"priv/",
                                    [],
                                    {0,0,0,0},
                                    "yon",undefined,undefined,
                                    [{"priv/",[]}],
                                    10240,[],[],yaws_outmod,yaws_outmod,
                                    yaws_outmod,yaws,yaws_log,[],undefined,
                                    [yaws,php,cgi,fcgi],
                                    [],[],[],[],undefined,undefined,
                                    {cgi,"/usr/bin/php-cgi"},
                                    undefined}]]},
                          infinity]}}
     Offender:   [{pid,<0.93.0>},
                  {name,etdd_yaws_server},
                  {mfargs,{etdd_yaws_server,start_link,[]}},
                  {restart_type,transient},
                  {shutdown,5000},
                  {child_type,worker}]


=SUPERVISOR REPORT==== 8-Jul-2011::19:35:24 ===
     Supervisor: {local,etdd_yaws_sup}
     Context:    shutdown
     Reason:     reached_max_restart_intensity
     Offender:   [{pid,<0.93.0>},
                  {name,etdd_yaws_server},
                  {mfargs,{etdd_yaws_server,start_link,[]}},
                  {restart_type,transient},
                  {shutdown,5000},
                  {child_type,worker}]


=SUPERVISOR REPORT==== 8-Jul-2011::19:35:24 ===
     Supervisor: {local,dig_and_delve_sup}
     Context:    child_terminated
     Reason:     shutdown
     Offender:   [{pid,<0.92.0>},
                  {name,etdd_yaws_sup},
                  {mfargs,{etdd_yaws_sup,start_link,[]}},
                  {restart_type,permanent},
                  {shutdown,infinity},
                  {child_type,supervisor}]

